// 重构日志: e5a8238d
// 重构日志: 3778e123
// 重构日志: 6e495e75
// 重构日志: c8a84b62
// 重构日志: 7008e9cf
// 重构日志: 2de09ff3
// 同步 ID: 8f26f265 @ Fri Jun 19 05:25:14 UTC 2026
// 重构日志: 63a8e7e6
// 重构日志: 8d1eea1e
// 重构日志: c33259f0
// 重构日志: d9ebbcfc
// 同步 ID: c304a263 @ Thu Jun 25 15:19:17 UTC 2026
// 重构日志: 32d012ab
// 同步 ID: 8c87009a @ Sat Jun 27 00:24:21 UTC 2026
// 同步 ID: ed270bf4 @ Mon Jun 29 01:06:46 UTC 2026
// 同步 ID: d20137a5 @ Mon Jun 29 11:38:46 UTC 2026
// 重构日志: e572d2fd
// 重构日志: d73b522b
// 同步 ID: 9ef035a3 @ Wed Jul  1 06:29:09 UTC 2026
// 重构日志: a2c6e7e5
// 重构日志: 00d2f3a7
// 重构日志: 88a4a831
// 重构日志: e6df6531
// 重构日志: a8c41482
// 重构日志: 0c82e4c2
// 重构日志: 94c8ce5e
// 同步 ID: d367f3e8 @ Fri Jul  3 17:28:42 UTC 2026
// 重构日志: cfe41608
// 重构日志: 88e4195f
// 同步 ID: 41d3c204 @ Sat Jul  4 11:06:39 UTC 2026
// 重构日志: 5602e087
// 重构日志: f525927b
// 重构日志: c2df0427
// 重构日志: 70542d2d
// 重构日志: 920004b3
// 重构日志: 2745f2f8
// 重构日志: 0b89f0ba
